app/build/intermediates/manifest_merge_blame_file/debug/manifest-merger-blame-debug-report.txt
1<?xml version="1.0" encoding="utf-8"?>
2<manifest xmlns:android="http://schemas.android.com/apk/res/android"
3    package="com.mohann.covid19"
4    android:versionCode="1"
5    android:versionName="1.0" >
6
7    <uses-sdk
8        android:minSdkVersion="21"
8-->src\main\AndroidManifest.xml
9        android:targetSdkVersion="29" />
9-->src\main\AndroidManifest.xml
10
11    <uses-permission android:name="android.permission.INTERNET" />
11-->src\main\AndroidManifest.xml:5:5-67
11-->src\main\AndroidManifest.xml:5:22-64
12    <uses-permission android:name="android.permission.ACCESS_NETWORK_STATE" />
12-->src\main\AndroidManifest.xml:6:5-79
12-->src\main\AndroidManifest.xml:6:22-76
13    <uses-permission android:name="android.permission.ACCESS_FINE_LOCATION" />
13-->src\main\AndroidManifest.xml:7:5-79
13-->src\main\AndroidManifest.xml:7:22-76
14    <uses-permission android:name="android.permission.ACCESS_COARSE_LOCATION" />
14-->src\main\AndroidManifest.xml:8:5-81
14-->src\main\AndroidManifest.xml:8:22-78
15
16    <uses-feature
16-->[com.google.android.gms:play-services-maps:17.0.0] AndroidManifest.xml:26:5-28:35
17        android:glEsVersion="0x00020000"
17-->[com.google.android.gms:play-services-maps:17.0.0] AndroidManifest.xml:27:9-41
18        android:required="true" />
18-->[com.google.android.gms:play-services-maps:17.0.0] AndroidManifest.xml:28:9-32
19
20    <application
20-->src\main\AndroidManifest.xml:10:5-51:19
21        android:allowBackup="true"
21-->src\main\AndroidManifest.xml:11:9-35
22        android:appComponentFactory="androidx.core.app.CoreComponentFactory"
22-->[androidx.core:core:1.3.0] AndroidManifest.xml:24:18-86
23        android:debuggable="true"
24        android:hardwareAccelerated="true"
24-->src\main\AndroidManifest.xml:12:9-43
25        android:icon="@mipmap/ic_launcher"
25-->src\main\AndroidManifest.xml:13:9-43
26        android:label="@string/app_name"
26-->src\main\AndroidManifest.xml:14:9-41
27        android:roundIcon="@mipmap/ic_launcher_round"
27-->src\main\AndroidManifest.xml:15:9-54
28        android:supportsRtl="true"
28-->src\main\AndroidManifest.xml:16:9-35
29        android:testOnly="true"
30        android:theme="@style/AppTheme"
30-->src\main\AndroidManifest.xml:17:9-40
31        android:usesCleartextTraffic="true" >
31-->src\main\AndroidManifest.xml:18:9-44
32        <meta-data
32-->src\main\AndroidManifest.xml:22:9-24:55
33            android:name="com.google.android.geo.API_KEY"
33-->src\main\AndroidManifest.xml:23:13-58
34            android:value="@string/google_maps_key" />
34-->src\main\AndroidManifest.xml:24:13-52
35
36        <activity
36-->src\main\AndroidManifest.xml:27:9-30:47
37            android:name="com.mohann.covid19.district.DistrictActivity"
37-->src\main\AndroidManifest.xml:28:13-54
38            android:screenOrientation="fullUser"
38-->src\main\AndroidManifest.xml:29:13-49
39            android:theme="@style/AppTheme" />
39-->src\main\AndroidManifest.xml:30:13-44
40        <activity
40-->src\main\AndroidManifest.xml:31:9-35:59
41            android:name="com.mohann.covid19.bottomnavigation.DashboardActivity"
41-->src\main\AndroidManifest.xml:32:13-63
42            android:screenOrientation="fullUser"
42-->src\main\AndroidManifest.xml:33:13-49
43            android:theme="@style/DashboardTheme"
43-->src\main\AndroidManifest.xml:34:13-50
44            android:windowSoftInputMode="adjustNothing" />
44-->src\main\AndroidManifest.xml:35:13-56
45        <activity
45-->src\main\AndroidManifest.xml:36:9-38:52
46            android:name="com.mohann.covid19.loginandregistration.RegistrationActivity"
46-->src\main\AndroidManifest.xml:37:13-70
47            android:screenOrientation="fullUser" />
47-->src\main\AndroidManifest.xml:38:13-49
48        <activity
48-->src\main\AndroidManifest.xml:39:9-47:20
49            android:name="com.mohann.covid19.loginandregistration.SplashActivity"
49-->src\main\AndroidManifest.xml:40:13-64
50            android:screenOrientation="fullUser" >
50-->src\main\AndroidManifest.xml:41:13-49
51            <intent-filter>
51-->src\main\AndroidManifest.xml:42:13-46:29
52                <action android:name="android.intent.action.MAIN" />
52-->src\main\AndroidManifest.xml:43:17-69
52-->src\main\AndroidManifest.xml:43:25-66
53
54                <category android:name="android.intent.category.LAUNCHER" />
54-->src\main\AndroidManifest.xml:45:17-77
54-->src\main\AndroidManifest.xml:45:27-74
55            </intent-filter>
56        </activity>
57        <activity
57-->src\main\AndroidManifest.xml:48:9-50:52
58            android:name="com.mohann.covid19.loginandregistration.LoginActivity"
58-->src\main\AndroidManifest.xml:49:13-63
59            android:screenOrientation="fullUser" />
59-->src\main\AndroidManifest.xml:50:13-49
60
61        <service
61-->[androidx.room:room-runtime:2.2.5] AndroidManifest.xml:25:9-28:40
62            android:name="androidx.room.MultiInstanceInvalidationService"
62-->[androidx.room:room-runtime:2.2.5] AndroidManifest.xml:26:13-74
63            android:directBootAware="true"
63-->[androidx.room:room-runtime:2.2.5] AndroidManifest.xml:27:13-43
64            android:exported="false" /> <!-- Needs to be explicitly declared on P+ -->
64-->[androidx.room:room-runtime:2.2.5] AndroidManifest.xml:28:13-37
65        <uses-library
65-->[com.google.android.gms:play-services-maps:17.0.0] AndroidManifest.xml:33:9-35:40
66            android:name="org.apache.http.legacy"
66-->[com.google.android.gms:play-services-maps:17.0.0] AndroidManifest.xml:34:13-50
67            android:required="false" />
67-->[com.google.android.gms:play-services-maps:17.0.0] AndroidManifest.xml:35:13-37
68
69        <provider
69-->[androidx.lifecycle:lifecycle-process:2.2.0] AndroidManifest.xml:25:9-29:43
70            android:name="androidx.lifecycle.ProcessLifecycleOwnerInitializer"
70-->[androidx.lifecycle:lifecycle-process:2.2.0] AndroidManifest.xml:26:13-79
71            android:authorities="com.mohann.covid19.lifecycle-process"
71-->[androidx.lifecycle:lifecycle-process:2.2.0] AndroidManifest.xml:27:13-69
72            android:exported="false"
72-->[androidx.lifecycle:lifecycle-process:2.2.0] AndroidManifest.xml:28:13-37
73            android:multiprocess="true" />
73-->[androidx.lifecycle:lifecycle-process:2.2.0] AndroidManifest.xml:29:13-40
74
75        <activity
75-->[com.google.android.gms:play-services-base:17.0.0] AndroidManifest.xml:23:9-26:75
76            android:name="com.google.android.gms.common.api.GoogleApiActivity"
76-->[com.google.android.gms:play-services-base:17.0.0] AndroidManifest.xml:24:13-79
77            android:exported="false"
77-->[com.google.android.gms:play-services-base:17.0.0] AndroidManifest.xml:25:13-37
78            android:theme="@android:style/Theme.Translucent.NoTitleBar" />
78-->[com.google.android.gms:play-services-base:17.0.0] AndroidManifest.xml:26:13-72
79
80        <meta-data
80-->[com.google.android.gms:play-services-basement:17.0.0] AndroidManifest.xml:23:9-25:69
81            android:name="com.google.android.gms.version"
81-->[com.google.android.gms:play-services-basement:17.0.0] AndroidManifest.xml:24:13-58
82            android:value="@integer/google_play_services_version" />
82-->[com.google.android.gms:play-services-basement:17.0.0] AndroidManifest.xml:25:13-66
83    </application>
84
85</manifest>